<?xml version="1.0" encoding="UTF-8"?>
<testsuite xmlns:xsi="http://www.w3.org/2001/XMLSchema-instance" xsi:noNamespaceSchemaLocation="https://maven.apache.org/surefire/maven-surefire-plugin/xsd/surefire-test-report.xsd" name="com.axreng.backend.service.UpdateServiceTest" time="0.006" tests="4" errors="0" skipped="0" failures="0">
  <properties>
    <property name="java.specification.version" value="14"/>
    <property name="sun.cpu.isalist" value="amd64"/>
    <property name="sun.jnu.encoding" value="Cp1252"/>
    <property name="java.class.path" value="C:\Users\SAMIR\eclipse-workspace\axreng-test\target\test-classes;C:\Users\SAMIR\eclipse-workspace\axreng-test\target\classes;C:\Users\SAMIR\.m2\repository\com\sparkjava\spark-core\2.9.2\spark-core-2.9.2.jar;C:\Users\SAMIR\.m2\repository\org\slf4j\slf4j-api\1.7.25\slf4j-api-1.7.25.jar;C:\Users\SAMIR\.m2\repository\org\eclipse\jetty\jetty-server\9.4.30.v20200611\jetty-server-9.4.30.v20200611.jar;C:\Users\SAMIR\.m2\repository\javax\servlet\javax.servlet-api\3.1.0\javax.servlet-api-3.1.0.jar;C:\Users\SAMIR\.m2\repository\org\eclipse\jetty\jetty-http\9.4.30.v20200611\jetty-http-9.4.30.v20200611.jar;C:\Users\SAMIR\.m2\repository\org\eclipse\jetty\jetty-util\9.4.30.v20200611\jetty-util-9.4.30.v20200611.jar;C:\Users\SAMIR\.m2\repository\org\eclipse\jetty\jetty-io\9.4.30.v20200611\jetty-io-9.4.30.v20200611.jar;C:\Users\SAMIR\.m2\repository\org\eclipse\jetty\jetty-webapp\9.4.30.v20200611\jetty-webapp-9.4.30.v20200611.jar;C:\Users\SAMIR\.m2\repository\org\eclipse\jetty\jetty-xml\9.4.30.v20200611\jetty-xml-9.4.30.v20200611.jar;C:\Users\SAMIR\.m2\repository\org\eclipse\jetty\jetty-servlet\9.4.30.v20200611\jetty-servlet-9.4.30.v20200611.jar;C:\Users\SAMIR\.m2\repository\org\eclipse\jetty\jetty-security\9.4.30.v20200611\jetty-security-9.4.30.v20200611.jar;C:\Users\SAMIR\.m2\repository\org\eclipse\jetty\websocket\websocket-server\9.4.30.v20200611\websocket-server-9.4.30.v20200611.jar;C:\Users\SAMIR\.m2\repository\org\eclipse\jetty\websocket\websocket-common\9.4.30.v20200611\websocket-common-9.4.30.v20200611.jar;C:\Users\SAMIR\.m2\repository\org\eclipse\jetty\websocket\websocket-client\9.4.30.v20200611\websocket-client-9.4.30.v20200611.jar;C:\Users\SAMIR\.m2\repository\org\eclipse\jetty\jetty-client\9.4.30.v20200611\jetty-client-9.4.30.v20200611.jar;C:\Users\SAMIR\.m2\repository\org\eclipse\jetty\websocket\websocket-servlet\9.4.30.v20200611\websocket-servlet-9.4.30.v20200611.jar;C:\Users\SAMIR\.m2\repository\org\eclipse\jetty\websocket\websocket-api\9.4.30.v20200611\websocket-api-9.4.30.v20200611.jar;C:\Users\SAMIR\.m2\repository\com\google\code\gson\gson\2.8.6\gson-2.8.6.jar;C:\Users\SAMIR\.m2\repository\org\slf4j\slf4j-simple\1.7.30\slf4j-simple-1.7.30.jar;C:\Users\SAMIR\.m2\repository\org\junit\jupiter\junit-jupiter\5.6.2\junit-jupiter-5.6.2.jar;C:\Users\SAMIR\.m2\repository\org\junit\jupiter\junit-jupiter-api\5.6.2\junit-jupiter-api-5.6.2.jar;C:\Users\SAMIR\.m2\repository\org\apiguardian\apiguardian-api\1.1.0\apiguardian-api-1.1.0.jar;C:\Users\SAMIR\.m2\repository\org\opentest4j\opentest4j\1.2.0\opentest4j-1.2.0.jar;C:\Users\SAMIR\.m2\repository\org\junit\platform\junit-platform-commons\1.6.2\junit-platform-commons-1.6.2.jar;C:\Users\SAMIR\.m2\repository\org\junit\jupiter\junit-jupiter-params\5.6.2\junit-jupiter-params-5.6.2.jar;C:\Users\SAMIR\.m2\repository\org\junit\jupiter\junit-jupiter-engine\5.6.2\junit-jupiter-engine-5.6.2.jar;C:\Users\SAMIR\.m2\repository\org\junit\platform\junit-platform-engine\1.6.2\junit-platform-engine-1.6.2.jar;C:\Users\SAMIR\.m2\repository\org\hamcrest\hamcrest\2.2\hamcrest-2.2.jar;C:\Users\SAMIR\.m2\repository\org\mockito\mockito-core\3.5.7\mockito-core-3.5.7.jar;C:\Users\SAMIR\.m2\repository\net\bytebuddy\byte-buddy\1.10.13\byte-buddy-1.10.13.jar;C:\Users\SAMIR\.m2\repository\net\bytebuddy\byte-buddy-agent\1.10.13\byte-buddy-agent-1.10.13.jar;C:\Users\SAMIR\.m2\repository\org\objenesis\objenesis\3.1\objenesis-3.1.jar;"/>
    <property name="java.vm.vendor" value="Oracle Corporation"/>
    <property name="sun.arch.data.model" value="64"/>
    <property name="user.variant" value=""/>
    <property name="java.vendor.url" value="https://java.oracle.com/"/>
    <property name="user.timezone" value="America/Sao_Paulo"/>
    <property name="os.name" value="Windows 10"/>
    <property name="java.vm.specification.version" value="14"/>
    <property name="sun.java.launcher" value="SUN_STANDARD"/>
    <property name="user.country" value="BR"/>
    <property name="sun.boot.library.path" value="C:\Program Files\Java\jdk-14.0.2\bin"/>
    <property name="sun.java.command" value="C:\Users\SAMIR\AppData\Local\Temp\surefire1653705660752329974\surefirebooter3155682821197560344.jar C:\Users\SAMIR\AppData\Local\Temp\surefire1653705660752329974 2025-05-17T03-16-07_828-jvmRun1 surefire5586199090516802666tmp surefire_010383655836039458518tmp"/>
    <property name="jdk.debug" value="release"/>
    <property name="surefire.test.class.path" value="C:\Users\SAMIR\eclipse-workspace\axreng-test\target\test-classes;C:\Users\SAMIR\eclipse-workspace\axreng-test\target\classes;C:\Users\SAMIR\.m2\repository\com\sparkjava\spark-core\2.9.2\spark-core-2.9.2.jar;C:\Users\SAMIR\.m2\repository\org\slf4j\slf4j-api\1.7.25\slf4j-api-1.7.25.jar;C:\Users\SAMIR\.m2\repository\org\eclipse\jetty\jetty-server\9.4.30.v20200611\jetty-server-9.4.30.v20200611.jar;C:\Users\SAMIR\.m2\repository\javax\servlet\javax.servlet-api\3.1.0\javax.servlet-api-3.1.0.jar;C:\Users\SAMIR\.m2\repository\org\eclipse\jetty\jetty-http\9.4.30.v20200611\jetty-http-9.4.30.v20200611.jar;C:\Users\SAMIR\.m2\repository\org\eclipse\jetty\jetty-util\9.4.30.v20200611\jetty-util-9.4.30.v20200611.jar;C:\Users\SAMIR\.m2\repository\org\eclipse\jetty\jetty-io\9.4.30.v20200611\jetty-io-9.4.30.v20200611.jar;C:\Users\SAMIR\.m2\repository\org\eclipse\jetty\jetty-webapp\9.4.30.v20200611\jetty-webapp-9.4.30.v20200611.jar;C:\Users\SAMIR\.m2\repository\org\eclipse\jetty\jetty-xml\9.4.30.v20200611\jetty-xml-9.4.30.v20200611.jar;C:\Users\SAMIR\.m2\repository\org\eclipse\jetty\jetty-servlet\9.4.30.v20200611\jetty-servlet-9.4.30.v20200611.jar;C:\Users\SAMIR\.m2\repository\org\eclipse\jetty\jetty-security\9.4.30.v20200611\jetty-security-9.4.30.v20200611.jar;C:\Users\SAMIR\.m2\repository\org\eclipse\jetty\websocket\websocket-server\9.4.30.v20200611\websocket-server-9.4.30.v20200611.jar;C:\Users\SAMIR\.m2\repository\org\eclipse\jetty\websocket\websocket-common\9.4.30.v20200611\websocket-common-9.4.30.v20200611.jar;C:\Users\SAMIR\.m2\repository\org\eclipse\jetty\websocket\websocket-client\9.4.30.v20200611\websocket-client-9.4.30.v20200611.jar;C:\Users\SAMIR\.m2\repository\org\eclipse\jetty\jetty-client\9.4.30.v20200611\jetty-client-9.4.30.v20200611.jar;C:\Users\SAMIR\.m2\repository\org\eclipse\jetty\websocket\websocket-servlet\9.4.30.v20200611\websocket-servlet-9.4.30.v20200611.jar;C:\Users\SAMIR\.m2\repository\org\eclipse\jetty\websocket\websocket-api\9.4.30.v20200611\websocket-api-9.4.30.v20200611.jar;C:\Users\SAMIR\.m2\repository\com\google\code\gson\gson\2.8.6\gson-2.8.6.jar;C:\Users\SAMIR\.m2\repository\org\slf4j\slf4j-simple\1.7.30\slf4j-simple-1.7.30.jar;C:\Users\SAMIR\.m2\repository\org\junit\jupiter\junit-jupiter\5.6.2\junit-jupiter-5.6.2.jar;C:\Users\SAMIR\.m2\repository\org\junit\jupiter\junit-jupiter-api\5.6.2\junit-jupiter-api-5.6.2.jar;C:\Users\SAMIR\.m2\repository\org\apiguardian\apiguardian-api\1.1.0\apiguardian-api-1.1.0.jar;C:\Users\SAMIR\.m2\repository\org\opentest4j\opentest4j\1.2.0\opentest4j-1.2.0.jar;C:\Users\SAMIR\.m2\repository\org\junit\platform\junit-platform-commons\1.6.2\junit-platform-commons-1.6.2.jar;C:\Users\SAMIR\.m2\repository\org\junit\jupiter\junit-jupiter-params\5.6.2\junit-jupiter-params-5.6.2.jar;C:\Users\SAMIR\.m2\repository\org\junit\jupiter\junit-jupiter-engine\5.6.2\junit-jupiter-engine-5.6.2.jar;C:\Users\SAMIR\.m2\repository\org\junit\platform\junit-platform-engine\1.6.2\junit-platform-engine-1.6.2.jar;C:\Users\SAMIR\.m2\repository\org\hamcrest\hamcrest\2.2\hamcrest-2.2.jar;C:\Users\SAMIR\.m2\repository\org\mockito\mockito-core\3.5.7\mockito-core-3.5.7.jar;C:\Users\SAMIR\.m2\repository\net\bytebuddy\byte-buddy\1.10.13\byte-buddy-1.10.13.jar;C:\Users\SAMIR\.m2\repository\net\bytebuddy\byte-buddy-agent\1.10.13\byte-buddy-agent-1.10.13.jar;C:\Users\SAMIR\.m2\repository\org\objenesis\objenesis\3.1\objenesis-3.1.jar;"/>
    <property name="sun.cpu.endian" value="little"/>
    <property name="user.home" value="C:\Users\SAMIR"/>
    <property name="user.language" value="pt"/>
    <property name="java.specification.vendor" value="Oracle Corporation"/>
    <property name="java.version.date" value="2020-07-14"/>
    <property name="java.home" value="C:\Program Files\Java\jdk-14.0.2"/>
    <property name="file.separator" value="\"/>
    <property name="style.color" value="always"/>
    <property name="basedir" value="C:\Users\SAMIR\eclipse-workspace\axreng-test"/>
    <property name="java.vm.compressedOopsMode" value="Zero based"/>
    <property name="line.separator" value="&#10;"/>
    <property name="java.vm.specification.vendor" value="Oracle Corporation"/>
    <property name="java.specification.name" value="Java Platform API Specification"/>
    <property name="surefire.real.class.path" value="C:\Users\SAMIR\AppData\Local\Temp\surefire1653705660752329974\surefirebooter3155682821197560344.jar"/>
    <property name="user.script" value=""/>
    <property name="sun.management.compiler" value="HotSpot 64-Bit Tiered Compilers"/>
    <property name="java.runtime.version" value="14.0.2+12-46"/>
    <property name="user.name" value="SAMIR"/>
    <property name="path.separator" value=";"/>
    <property name="os.version" value="10.0"/>
    <property name="java.runtime.name" value="Java(TM) SE Runtime Environment"/>
    <property name="file.encoding" value="Cp1252"/>
    <property name="java.vm.name" value="Java HotSpot(TM) 64-Bit Server VM"/>
    <property name="localRepository" value="C:\Users\SAMIR\.m2\repository"/>
    <property name="java.vendor.url.bug" value="https://bugreport.java.com/bugreport/"/>
    <property name="java.io.tmpdir" value="C:\Users\SAMIR\AppData\Local\Temp\"/>
    <property name="java.version" value="14.0.2"/>
    <property name="user.dir" value="C:\Users\SAMIR\eclipse-workspace\axreng-test"/>
    <property name="os.arch" value="amd64"/>
    <property name="java.vm.specification.name" value="Java Virtual Machine Specification"/>
    <property name="sun.os.patch.level" value=""/>
    <property name="java.library.path" value="C:\Program Files\Java\jdk-14.0.2\bin;C:\WINDOWS\Sun\Java\bin;C:\WINDOWS\system32;C:\WINDOWS;C:/Program Files/Java/jdk-24.0.1/bin/server;C:/Program Files/Java/jdk-24.0.1/bin;C:\Program Files\Common Files\Oracle\Java\javapath;C:\Windows\system32;C:\Windows;C:\Windows\System32\Wbem;C:\Windows\System32\WindowsPowerShell\v1.0\;C:\Windows\System32\OpenSSH\;C:\Program Files (x86)\NVIDIA Corporation\PhysX\Common;C:\Program Files (x86)\dotnet\;C:\Program Files\dotnet\;C:\WINDOWS\system32;C:\WINDOWS;C:\WINDOWS\System32\Wbem;C:\WINDOWS\System32\WindowsPowerShell\v1.0\;C:\WINDOWS\System32\OpenSSH\;C:\Program Files\Java\jdk-20\bin;C:\Program Files\Git\cmd;C:\Program Files\nodejs\;C:\Program Files\NVIDIA Corporation\NVIDIA app\NvDLISR;C:\Users\SAMIR\kubectl.exe;C:\Program Files\Kubernetes\Minikube;;C:\Program Files\Docker\Docker\resources\bin;C:\Users\SAMIR\AppData\Local\Programs\Python\Python313\Scripts\;C:\Users\SAMIR\AppData\Local\Programs\Python\Python313\;C:\Users\SAMIR\.jbang\bin;C:\Users\SAMIR\AppData\Local\Microsoft\WindowsApps;C:\Users\SAMIR\AppData\Roaming\npm;C:\Users\SAMIR\AppData\Local\Microsoft\WindowsApps;;C:\Users\SAMIR\eclipse-jee-2024-12-R-win32-x86_64;;."/>
    <property name="java.vm.info" value="mixed mode, sharing"/>
    <property name="java.vendor" value="Oracle Corporation"/>
    <property name="java.vm.version" value="14.0.2+12-46"/>
    <property name="sun.io.unicode.encoding" value="UnicodeLittle"/>
    <property name="java.class.version" value="58.0"/>
  </properties>
  <testcase name="testUpdate_WithValidIdAndStatus" classname="com.axreng.backend.service.UpdateServiceTest" time="0.001"/>
  <testcase name="testUpdate_WithInvalidId" classname="com.axreng.backend.service.UpdateServiceTest" time="0.002"/>
  <testcase name="testUpdate_WithInvalidStatus" classname="com.axreng.backend.service.UpdateServiceTest" time="0.001"/>
  <testcase name="testUpdate_WhenNotFound" classname="com.axreng.backend.service.UpdateServiceTest" time="0.001"/>
</testsuite>